-------------------------------------------------------------------------------
Test set: TestSuite
-------------------------------------------------------------------------------
Tests run: 7, Failures: 1, Errors: 0, Skipped: 0, Time elapsed: 6.132 s <<< FAILURE! - in TestSuite
testCases.MobilePageTest.withInvalidUserName  Time elapsed: 0.923 s  <<< FAILURE!
java.lang.AssertionError: expected [jan] but found [OrangeHRM]
	at testCases.MobilePageTest.withInvalidUserName(MobilePageTest.java:32)

