<?xml version="1.0" encoding="UTF-8"?>
<testng-results ignored="1" total="3" passed="2" failed="0" skipped="0">
  <reporter-output>
  </reporter-output>
  <suite started-at="2022-08-01T09:40:01 EDT" name="Suite" finished-at="2022-08-01T09:40:01 EDT" duration-ms="48">
    <groups>
    </groups>
    <test started-at="2022-08-01T09:40:01 EDT" name="Test" finished-at="2022-08-01T09:40:01 EDT" duration-ms="48">
      <class name="testCases.LoginPageTest">
        <test-method signature="loginWithInvalidPassword()[pri:0, instance:testCases.LoginPageTest@79924b]" started-at="2022-08-01T09:40:01 EDT" name="loginWithInvalidPassword" finished-at="2022-08-01T09:40:01 EDT" duration-ms="10" status="PASS">
          <reporter-output>
          </reporter-output>
        </test-method> <!-- loginWithInvalidPassword -->
        <test-method signature="loginWithValidCreadintial()[pri:0, instance:testCases.LoginPageTest@79924b]" started-at="2022-08-01T09:40:01 EDT" name="loginWithValidCreadintial" finished-at="2022-08-01T09:40:01 EDT" duration-ms="1" status="PASS">
          <reporter-output>
          </reporter-output>
        </test-method> <!-- loginWithValidCreadintial -->
      </class> <!-- testCases.LoginPageTest -->
    </test> <!-- Test -->
  </suite> <!-- Suite -->
</testng-results>
