<?xml version="1.0" encoding="UTF-8"?>
<!-- Generated by org.testng.reporters.JUnitXMLReporter -->
<testsuite ignored="0" hostname="DESKTOP-93B8F71" failures="0" tests="3" name="Test" time="0.056" errors="0" timestamp="2022-07-25T15:59:32 EDT">
  <testcase classname="testCases.MobilePageTest" name="verificationOfDisplay" time="0.009"/>
  <testcase classname="testCases.MobilePageTest" name="verificationOfMemory" time="0.001"/>
  <testcase classname="testCases.MobilePageTest" name="verificationOfVersion" time="0.001"/>
</testsuite> <!-- Test -->
