<?xml version="1.0" encoding="UTF-8"?>
<!-- Generated by org.testng.reporters.JUnitXMLReporter -->
<testsuite ignored="0" hostname="DESKTOP-93B8F71" failures="0" tests="6" name="Surefire test" time="0.033" errors="0" timestamp="2022-07-21T16:44:29 EDT">
  <testcase classname="testCases.LoginPageTest" name="loginWithInvalidPassword" time="0.002"/>
  <testcase classname="testCases.LoginPageTest" name="loginWithInvalidUserName" time="0.0"/>
  <testcase classname="testCases.LoginPageTest" name="loginWithValidCreadintial" time="0.0"/>
  <testcase classname="testCases.MobilePageTest" name="verificationOfDisplay" time="0.001"/>
  <testcase classname="testCases.MobilePageTest" name="verificationOfMemory" time="0.0"/>
  <testcase classname="testCases.MobilePageTest" name="verificationOfVersion" time="0.0"/>
</testsuite> <!-- Surefire test -->
