<?xml version="1.0" encoding="UTF-8"?>
<!-- Generated by org.testng.reporters.JUnitXMLReporter -->
<testsuite ignored="0" hostname="DESKTOP-93B8F71" failures="1" tests="7" name="Surefire test" time="0.945" errors="0" timestamp="2022-08-01T12:31:12 EDT">
  <testcase classname="testCases.LoginPageTest" name="loginWithInvalidPassword" time="0.001"/>
  <testcase classname="testCases.LoginPageTest" name="loginWithInvalidUserName" time="0.0"/>
  <testcase classname="testCases.LoginPageTest" name="loginWithValidCreadintial" time="0.0"/>
  <testcase classname="testCases.MobilePageTest" name="verificationOfDisplay" time="0.0"/>
  <testcase classname="testCases.MobilePageTest" name="verificationOfMemory" time="0.0"/>
  <testcase classname="testCases.MobilePageTest" name="verificationOfVersion" time="0.0"/>
  <testcase classname="testCases.MobilePageTest" name="withInvalidUserName" time="0.917">
    <failure type="java.lang.AssertionError" message="expected [jan] but found [OrangeHRM]">
      <![CDATA[java.lang.AssertionError: expected [jan] but found [OrangeHRM]
at testCases.MobilePageTest.withInvalidUserName(MobilePageTest.java:32)
at java.base/java.util.ArrayList.forEach(ArrayList.java:1511)
... Removed 38 stack frames]]>
    </failure>
  </testcase> <!-- withInvalidUserName -->
</testsuite> <!-- Surefire test -->
