<?xml version="1.0" encoding="UTF-8"?>
<!-- Generated by org.testng.reporters.JUnitXMLReporter -->
<testsuite ignored="0" hostname="DESKTOP-93B8F71" failures="0" tests="3" name="Default test" time="0.072" errors="0" timestamp="2022-07-21T15:48:34 EDT">
  <testcase classname="testCases.MobilePageTest" name="verificationOfDisplay" time="0.013"/>
  <testcase classname="testCases.MobilePageTest" name="verificationOfMemory" time="0.002"/>
  <testcase classname="testCases.MobilePageTest" name="verificationOfVersion" time="0.003"/>
</testsuite> <!-- Default test -->
