<?xml version="1.0" encoding="UTF-8"?>
<!-- Generated by org.testng.reporters.JUnitXMLReporter -->
<testsuite ignored="0" hostname="DESKTOP-93B8F71" failures="0" tests="6" name="Test" time="0.04" errors="0" timestamp="2022-07-24T16:46:17 EDT">
  <testcase classname="testCases.MobilePageTest" name="verificationOfDisplay" time="0.004"/>
  <testcase classname="testCases.MobilePageTest" name="verificationOfMemory" time="0.0"/>
  <testcase classname="testCases.MobilePageTest" name="verificationOfVersion" time="0.001"/>
  <testcase classname="testCases.LoginPageTest" name="loginWithInvalidPassword" time="0.001"/>
  <testcase classname="testCases.LoginPageTest" name="loginWithInvalidUserName" time="0.0"/>
  <testcase classname="testCases.LoginPageTest" name="loginWithValidCreadintial" time="0.001"/>
</testsuite> <!-- Test -->
